f:\school\dungeonbuilder\dungeonbuilder\x64\debug\vc142.pdb
f:\school\dungeonbuilder\dungeonbuilder\x64\debug\.netframework,version=v4.6.1.assemblyattributes.obj
f:\school\dungeonbuilder\dungeonbuilder\x64\debug\traptilederivedclasses.obj
f:\school\dungeonbuilder\dungeonbuilder\x64\debug\traptile.obj
f:\school\dungeonbuilder\dungeonbuilder\x64\debug\tileselectioncontroller.obj
f:\school\dungeonbuilder\dungeonbuilder\x64\debug\tile.obj
f:\school\dungeonbuilder\dungeonbuilder\x64\debug\monstertilederivedclasses.obj
f:\school\dungeonbuilder\dungeonbuilder\x64\debug\monstertile.obj
f:\school\dungeonbuilder\dungeonbuilder\x64\debug\savegame.obj
f:\school\dungeonbuilder\dungeonbuilder\x64\debug\loadgame.obj
f:\school\dungeonbuilder\dungeonbuilder\x64\debug\gamewindow.obj
f:\school\dungeonbuilder\dungeonbuilder\x64\debug\gamecontroller.obj
f:\school\dungeonbuilder\dungeonbuilder\x64\debug\floorselection.obj
f:\school\dungeonbuilder\dungeonbuilder\x64\debug\floor.obj
f:\school\dungeonbuilder\dungeonbuilder\x64\debug\designtilederivedclasses.obj
f:\school\dungeonbuilder\dungeonbuilder\x64\debug\designtile.obj
f:\school\dungeonbuilder\dungeonbuilder\x64\debug\biomeselection.obj
e:\school\dungeonbuilder\dungeonbuilder\x64\debug\vc143.pdb
e:\school\dungeonbuilder\dungeonbuilder\x64\debug\.netframework,version=v4.7.2.assemblyattributes.obj
e:\school\dungeonbuilder\dungeonbuilder\x64\debug\traptilederivedclasses.obj
e:\school\dungeonbuilder\dungeonbuilder\x64\debug\traptile.obj
e:\school\dungeonbuilder\dungeonbuilder\x64\debug\tileselectioncontroller.obj
e:\school\dungeonbuilder\dungeonbuilder\x64\debug\tile.obj
e:\school\dungeonbuilder\dungeonbuilder\x64\debug\monstertilederivedclasses.obj
e:\school\dungeonbuilder\dungeonbuilder\x64\debug\monstertile.obj
e:\school\dungeonbuilder\dungeonbuilder\x64\debug\savegame.obj
e:\school\dungeonbuilder\dungeonbuilder\x64\debug\loadgame.obj
e:\school\dungeonbuilder\dungeonbuilder\x64\debug\gamewindow.obj
e:\school\dungeonbuilder\dungeonbuilder\x64\debug\gamecontroller.obj
e:\school\dungeonbuilder\dungeonbuilder\x64\debug\floorselection.obj
e:\school\dungeonbuilder\dungeonbuilder\x64\debug\floor.obj
e:\school\dungeonbuilder\dungeonbuilder\x64\debug\designtilederivedclasses.obj
e:\school\dungeonbuilder\dungeonbuilder\x64\debug\designtile.obj
e:\school\dungeonbuilder\dungeonbuilder\x64\debug\biomeselection.obj
f:\school\dungeonbuilder\dungeonbuilder\x64\debug\dungeonbuilder.gamewindow.resources
e:\school\dungeonbuilder\dungeonbuilder\x64\debug\dungeonbuilder.gamewindow.resources
f:\school\dungeonbuilder\x64\debug\dungeonbuilder.exe
f:\school\dungeonbuilder\x64\debug\dungeonbuilder.pdb
e:\school\dungeonbuilder\x64\debug\dungeonbuilder.exe
e:\school\dungeonbuilder\x64\debug\dungeonbuilder.pdb
e:\school\dungeonbuilder\dungeonbuilder\x64\debug\dungeonbuilder.tlog\metagen.write.1.tlog
f:\school\dungeonbuilder\dungeonbuilder\x64\debug\dungeonbuilder.res
e:\school\dungeonbuilder\dungeonbuilder\x64\debug\dungeonbuilder.res
e:\school\dungeonbuilder\dungeonbuilder\x64\debug\.netframework,version=v4.6.1.assemblyattributes.obj
e:\school\dungeonbuilder\dungeonbuilder\x64\debug\vc142.pdb
e:\school\dungeonbuilder\dungeonbuilder\x64\debug\dungeonbuilder.tlog\cl.command.1.tlog
e:\school\dungeonbuilder\dungeonbuilder\x64\debug\dungeonbuilder.tlog\cl.read.1.tlog
e:\school\dungeonbuilder\dungeonbuilder\x64\debug\dungeonbuilder.tlog\cl.write.1.tlog
e:\school\dungeonbuilder\dungeonbuilder\x64\debug\dungeonbuilder.tlog\dungeonbuilder.write.1u.tlog
e:\school\dungeonbuilder\dungeonbuilder\x64\debug\dungeonbuilder.tlog\link.command.1.tlog
e:\school\dungeonbuilder\dungeonbuilder\x64\debug\dungeonbuilder.tlog\link.read.1.tlog
e:\school\dungeonbuilder\dungeonbuilder\x64\debug\dungeonbuilder.tlog\link.write.1.tlog
e:\school\dungeonbuilder\dungeonbuilder\x64\debug\dungeonbuilder.tlog\metagen.read.1.tlog
e:\school\dungeonbuilder\dungeonbuilder\x64\debug\dungeonbuilder.tlog\rc.command.1.tlog
e:\school\dungeonbuilder\dungeonbuilder\x64\debug\dungeonbuilder.tlog\rc.read.1.tlog
e:\school\dungeonbuilder\dungeonbuilder\x64\debug\dungeonbuilder.tlog\rc.write.1.tlog
e:\school\dungeonbuilder\dungeonbuilder\x64\debug\dungeonbuilder.tlog\system.data.dll.metagen
e:\school\dungeonbuilder\dungeonbuilder\x64\debug\dungeonbuilder.tlog\system.dll.metagen
e:\school\dungeonbuilder\dungeonbuilder\x64\debug\dungeonbuilder.tlog\system.drawing.dll.metagen
e:\school\dungeonbuilder\dungeonbuilder\x64\debug\dungeonbuilder.tlog\system.windows.forms.dll.metagen
e:\school\dungeonbuilder\dungeonbuilder\x64\debug\dungeonbuilder.tlog\system.xml.dll.metagen
